mode: set
project/controller/book_controller.go:12.49,14.39 2 1
project/controller/book_controller.go:18.2,19.16 2 1
project/controller/book_controller.go:24.2,27.4 1 1
project/controller/book_controller.go:14.39,16.3 1 0
project/controller/book_controller.go:19.16,23.3 1 0
project/controller/book_controller.go:30.47,37.2 2 1
project/controller/book_controller.go:39.46,43.16 3 1
project/controller/book_controller.go:48.2,51.4 1 1
project/controller/book_controller.go:43.16,47.3 1 1
project/controller/book_controller.go:54.49,59.16 3 1
project/controller/book_controller.go:64.2,66.4 1 1
project/controller/book_controller.go:59.16,63.3 1 1
project/controller/book_controller.go:69.49,72.39 3 1
project/controller/book_controller.go:77.2,79.16 2 1
project/controller/book_controller.go:84.2,87.4 1 1
project/controller/book_controller.go:72.39,74.3 1 0
project/controller/book_controller.go:79.16,83.3 1 0
project/controller/handler.go:10.42,16.2 5 0
project/controller/handler.go:18.42,24.2 5 0
project/controller/user_controller.go:15.49,17.39 2 1
project/controller/user_controller.go:21.2,22.16 2 1
project/controller/user_controller.go:28.2,31.4 1 1
project/controller/user_controller.go:17.39,19.3 1 0
project/controller/user_controller.go:22.16,26.3 1 0
project/controller/user_controller.go:34.47,41.2 2 1
project/controller/user_controller.go:43.46,47.16 3 1
project/controller/user_controller.go:52.2,55.4 1 1
project/controller/user_controller.go:47.16,51.3 1 1
project/controller/user_controller.go:58.49,63.16 3 1
project/controller/user_controller.go:68.2,70.4 1 1
project/controller/user_controller.go:63.16,67.3 1 1
project/controller/user_controller.go:73.49,76.39 3 1
project/controller/user_controller.go:81.2,83.16 2 1
project/controller/user_controller.go:88.2,91.4 1 1
project/controller/user_controller.go:76.39,78.3 1 0
project/controller/user_controller.go:83.16,87.3 1 0
project/controller/user_controller.go:94.48,96.39 2 0
project/controller/user_controller.go:100.2,101.16 2 0
project/controller/user_controller.go:108.2,109.16 2 0
project/controller/user_controller.go:116.2,121.4 2 0
project/controller/user_controller.go:96.39,98.3 1 0
project/controller/user_controller.go:101.16,106.3 1 0
project/controller/user_controller.go:109.16,114.3 1 0
